<?xml version="1.0" encoding="UTF-8"?>
<testng-results ignored="0" total="1" passed="1" failed="0" skipped="0">
  <reporter-output>
    <line>
      <![CDATA[Extent Report DirectoryC:\Users\flyer\PNT\TeamPython_Hybrid_BACKUP\target\surefire-reports\html]]>
    </line>
  </reporter-output>
  <suite started-at="2022-06-23T04:19:45Z" name="Automation smoke Test" finished-at="2022-06-23T04:19:53Z" duration-ms="8024">
    <groups>
    </groups>
    <test started-at="2022-06-23T04:19:45Z" name="ColorChangeTest" finished-at="2022-06-23T04:19:53Z" duration-ms="8024">
      <class name="Application.automation.ColorTest">
        <test-method is-config="true" signature="extentSetup(org.testng.ITestContext)[pri:0, instance:Application.automation.ColorTest@5afa3c9]" started-at="2022-06-23T04:19:45Z" name="extentSetup" finished-at="2022-06-23T04:19:45Z" duration-ms="121" status="PASS">
          <params>
            <param index="0">
              <value>
                <![CDATA[org.testng.TestRunner@2d272b0d]]>
              </value>
            </param>
          </params>
          <reporter-output>
            <line>
              <![CDATA[Extent Report DirectoryC:\Users\flyer\PNT\TeamPython_Hybrid_BACKUP\target\surefire-reports\html]]>
            </line>
          </reporter-output>
        </test-method> <!-- extentSetup -->
        <test-method is-config="true" signature="setUp(boolean, java.lang.String, java.lang.String, java.lang.String, java.lang.String, java.lang.String, java.lang.String)[pri:0, instance:Application.automation.ColorTest@5afa3c9]" started-at="2022-06-23T04:19:45Z" name="setUp" finished-at="2022-06-23T04:19:51Z" duration-ms="6021" status="PASS">
          <params>
            <param index="0">
              <value>
                <![CDATA[false]]>
              </value>
            </param>
            <param index="1">
              <value>
                <![CDATA[browserstack]]>
              </value>
            </param>
            <param index="2">
              <value>
                <![CDATA[windows]]>
              </value>
            </param>
            <param index="3">
              <value>
                <![CDATA[11]]>
              </value>
            </param>
            <param index="4">
              <value>
                <![CDATA[chrome]]>
              </value>
            </param>
            <param index="5">
              <value>
                <![CDATA[102]]>
              </value>
            </param>
            <param index="6">
              <value>
                <![CDATA[http://automationpractice.com/]]>
              </value>
            </param>
          </params>
          <reporter-output>
          </reporter-output>
        </test-method> <!-- setUp -->
        <test-method is-config="true" signature="startExtent(java.lang.reflect.Method)[pri:0, instance:Application.automation.ColorTest@5afa3c9]" started-at="2022-06-23T04:19:51Z" name="startExtent" finished-at="2022-06-23T04:19:51Z" duration-ms="5" status="PASS">
          <params>
            <param index="0">
              <value>
                <![CDATA[public void Application.automation.ColorTest.colorSelection()]]>
              </value>
            </param>
          </params>
          <reporter-output>
          </reporter-output>
        </test-method> <!-- startExtent -->
        <test-method signature="colorSelection()[pri:0, instance:Application.automation.ColorTest@5afa3c9]" started-at="2022-06-23T04:19:51Z" name="colorSelection" finished-at="2022-06-23T04:19:52Z" duration-ms="1234" status="PASS">
          <reporter-output>
          </reporter-output>
        </test-method> <!-- colorSelection -->
        <test-method is-config="true" signature="afterEachTestMethod(org.testng.ITestResult)[pri:0, instance:Application.automation.ColorTest@5afa3c9]" started-at="2022-06-23T04:19:52Z" name="afterEachTestMethod" finished-at="2022-06-23T04:19:53Z" duration-ms="755" status="PASS">
          <params>
            <param index="0">
              <value>
                <![CDATA[[TestResult name=colorSelection status=SUCCESS method=ColorTest.colorSelection()[pri:0, instance:Application.automation.ColorTest@5afa3c9] output={null}]]]>
              </value>
            </param>
          </params>
          <reporter-output>
          </reporter-output>
        </test-method> <!-- afterEachTestMethod -->
        <test-method is-config="true" signature="generateReport()[pri:0, instance:Application.automation.ColorTest@5afa3c9]" started-at="2022-06-23T04:19:53Z" name="generateReport" finished-at="2022-06-23T04:19:53Z" duration-ms="62" status="PASS">
          <reporter-output>
          </reporter-output>
        </test-method> <!-- generateReport -->
      </class> <!-- Application.automation.ColorTest -->
    </test> <!-- ColorChangeTest -->
  </suite> <!-- Automation smoke Test -->
</testng-results>
